0 info it worked if it ends with ok
1 verbose cli [ 'C:\\Program Files (x86)\\nodejs\\node.exe',
1 verbose cli   'C:\\Program Files (x86)\\nodejs\\node_modules\\npm\\bin\\npm-cli.js',
1 verbose cli   'run',
1 verbose cli   'e2e' ]
2 info using npm@3.10.10
3 info using node@v6.10.0
4 verbose run-script [ 'pree2e', 'e2e', 'poste2e' ]
5 info lifecycle angular-quickstart@1.0.0~pree2e: angular-quickstart@1.0.0
6 verbose lifecycle angular-quickstart@1.0.0~pree2e: unsafe-perm in lifecycle true
7 verbose lifecycle angular-quickstart@1.0.0~pree2e: PATH: C:\Program Files (x86)\nodejs\node_modules\npm\bin\node-gyp-bin;C:\Projects\AbsaAngularExercise\public\node_modules\.bin;C:\Program Files\Docker\Docker\Resources\bin;C:\ProgramData\Oracle\Java\javapath;C:\Program Files (x86)\Intel\iCLS Client\;C:\Program Files\Intel\iCLS Client\;C:\WINDOWS\system32;C:\WINDOWS;C:\WINDOWS\System32\Wbem;C:\WINDOWS\System32\WindowsPowerShell\v1.0\;C:\Program Files (x86)\Intel\Intel(R) Management Engine Components\DAL;C:\Program Files\Intel\Intel(R) Management Engine Components\DAL;C:\Program Files (x86)\Intel\Intel(R) Management Engine Components\IPT;C:\Program Files\Intel\Intel(R) Management Engine Components\IPT;C:\Program Files (x86)\Microsoft ASP.NET\ASP.NET Web Pages\v1.0\;C:\Program Files (x86)\GitExtensions\;C:\Program Files\TortoiseSVN\bin;C:\Program Files\Microsoft\Web Platform Installer\;C:\Program Files (x86)\Microsoft SQL Server\130\Tools\Binn\;C:\Program Files\Microsoft SQL Server\130\Tools\Binn\;C:\Program Files (x86)\Microsoft SQL Server\130\DTS\Binn\;C:\Program Files\Microsoft SQL Server\130\DTS\Binn\;C:\Program Files\Microsoft SQL Server\Client SDK\ODBC\130\Tools\Binn\;C:\Program Files\Microsoft SQL Server\110\DTS\Binn\;C:\Program Files (x86)\Microsoft SQL Server\110\Tools\Binn\;C:\Program Files\Microsoft SQL Server\110\Tools\Binn\;C:\Program Files (x86)\Microsoft SQL Server\110\Tools\Binn\ManagementStudio\;C:\Program Files (x86)\Microsoft Visual Studio 10.0\Common7\IDE\PrivateAssemblies\;C:\Program Files (x86)\Microsoft SQL Server\110\DTS\Binn\;C:\Program Files\OpenVPN\bin;C:\Program Files (x86)\Windows Kits\10\Windows Performance Toolkit\;C:\Program Files\dotnet\;C:\Program Files (x86)\Xoreax\IncrediBuild;C:\Program Files (x86)\nodejs\;C:\Program Files (x86)\Microsoft VS Code\bin;C:\Tools\apache-maven-3.3.9\bin;C:\Tools\instantclient_12_1;C:\Program Files\RabbitMQ Server\rabbitmq_server-3.6.2\sbin;C:\Users\tyron.surajpal\AppData\Local\Microsoft\WindowsApps;C:\Windows\Microsoft.NET\Framework\v4.0.30319;C:\Users\tyron.surajpal\AppData\Roaming\npm;C:\Tools\phantomjs-2.1.1-windows\bin
8 verbose lifecycle angular-quickstart@1.0.0~pree2e: CWD: C:\Projects\AbsaAngularExercise\public
9 silly lifecycle angular-quickstart@1.0.0~pree2e: Args: [ '/d /s /c', 'npm run build:e2e' ]
10 silly lifecycle angular-quickstart@1.0.0~pree2e: Returned: code: 0  signal: null
11 info lifecycle angular-quickstart@1.0.0~e2e: angular-quickstart@1.0.0
12 verbose lifecycle angular-quickstart@1.0.0~e2e: unsafe-perm in lifecycle true
13 verbose lifecycle angular-quickstart@1.0.0~e2e: PATH: C:\Program Files (x86)\nodejs\node_modules\npm\bin\node-gyp-bin;C:\Projects\AbsaAngularExercise\public\node_modules\.bin;C:\Program Files\Docker\Docker\Resources\bin;C:\ProgramData\Oracle\Java\javapath;C:\Program Files (x86)\Intel\iCLS Client\;C:\Program Files\Intel\iCLS Client\;C:\WINDOWS\system32;C:\WINDOWS;C:\WINDOWS\System32\Wbem;C:\WINDOWS\System32\WindowsPowerShell\v1.0\;C:\Program Files (x86)\Intel\Intel(R) Management Engine Components\DAL;C:\Program Files\Intel\Intel(R) Management Engine Components\DAL;C:\Program Files (x86)\Intel\Intel(R) Management Engine Components\IPT;C:\Program Files\Intel\Intel(R) Management Engine Components\IPT;C:\Program Files (x86)\Microsoft ASP.NET\ASP.NET Web Pages\v1.0\;C:\Program Files (x86)\GitExtensions\;C:\Program Files\TortoiseSVN\bin;C:\Program Files\Microsoft\Web Platform Installer\;C:\Program Files (x86)\Microsoft SQL Server\130\Tools\Binn\;C:\Program Files\Microsoft SQL Server\130\Tools\Binn\;C:\Program Files (x86)\Microsoft SQL Server\130\DTS\Binn\;C:\Program Files\Microsoft SQL Server\130\DTS\Binn\;C:\Program Files\Microsoft SQL Server\Client SDK\ODBC\130\Tools\Binn\;C:\Program Files\Microsoft SQL Server\110\DTS\Binn\;C:\Program Files (x86)\Microsoft SQL Server\110\Tools\Binn\;C:\Program Files\Microsoft SQL Server\110\Tools\Binn\;C:\Program Files (x86)\Microsoft SQL Server\110\Tools\Binn\ManagementStudio\;C:\Program Files (x86)\Microsoft Visual Studio 10.0\Common7\IDE\PrivateAssemblies\;C:\Program Files (x86)\Microsoft SQL Server\110\DTS\Binn\;C:\Program Files\OpenVPN\bin;C:\Program Files (x86)\Windows Kits\10\Windows Performance Toolkit\;C:\Program Files\dotnet\;C:\Program Files (x86)\Xoreax\IncrediBuild;C:\Program Files (x86)\nodejs\;C:\Program Files (x86)\Microsoft VS Code\bin;C:\Tools\apache-maven-3.3.9\bin;C:\Tools\instantclient_12_1;C:\Program Files\RabbitMQ Server\rabbitmq_server-3.6.2\sbin;C:\Users\tyron.surajpal\AppData\Local\Microsoft\WindowsApps;C:\Windows\Microsoft.NET\Framework\v4.0.30319;C:\Users\tyron.surajpal\AppData\Roaming\npm;C:\Tools\phantomjs-2.1.1-windows\bin
14 verbose lifecycle angular-quickstart@1.0.0~e2e: CWD: C:\Projects\AbsaAngularExercise\public
15 silly lifecycle angular-quickstart@1.0.0~e2e: Args: [ '/d /s /c',
15 silly lifecycle   'concurrently "npm run serve:e2e" "npm run protractor" --kill-others --success first' ]
16 silly lifecycle angular-quickstart@1.0.0~e2e: Returned: code: 1  signal: null
17 info lifecycle angular-quickstart@1.0.0~e2e: Failed to exec e2e script
18 verbose stack Error: angular-quickstart@1.0.0 e2e: `concurrently "npm run serve:e2e" "npm run protractor" --kill-others --success first`
18 verbose stack Exit status 1
18 verbose stack     at EventEmitter.<anonymous> (C:\Program Files (x86)\nodejs\node_modules\npm\lib\utils\lifecycle.js:255:16)
18 verbose stack     at emitTwo (events.js:106:13)
18 verbose stack     at EventEmitter.emit (events.js:191:7)
18 verbose stack     at ChildProcess.<anonymous> (C:\Program Files (x86)\nodejs\node_modules\npm\lib\utils\spawn.js:40:14)
18 verbose stack     at emitTwo (events.js:106:13)
18 verbose stack     at ChildProcess.emit (events.js:191:7)
18 verbose stack     at maybeClose (internal/child_process.js:877:16)
18 verbose stack     at Process.ChildProcess._handle.onexit (internal/child_process.js:226:5)
19 verbose pkgid angular-quickstart@1.0.0
20 verbose cwd C:\Projects\AbsaAngularExercise\public
21 error Windows_NT 10.0.14393
22 error argv "C:\\Program Files (x86)\\nodejs\\node.exe" "C:\\Program Files (x86)\\nodejs\\node_modules\\npm\\bin\\npm-cli.js" "run" "e2e"
23 error node v6.10.0
24 error npm  v3.10.10
25 error code ELIFECYCLE
26 error angular-quickstart@1.0.0 e2e: `concurrently "npm run serve:e2e" "npm run protractor" --kill-others --success first`
26 error Exit status 1
27 error Failed at the angular-quickstart@1.0.0 e2e script 'concurrently "npm run serve:e2e" "npm run protractor" --kill-others --success first'.
27 error Make sure you have the latest version of node.js and npm installed.
27 error If you do, this is most likely a problem with the angular-quickstart package,
27 error not with npm itself.
27 error Tell the author that this fails on your system:
27 error     concurrently "npm run serve:e2e" "npm run protractor" --kill-others --success first
27 error You can get information on how to open an issue for this project with:
27 error     npm bugs angular-quickstart
27 error Or if that isn't available, you can get their info via:
27 error     npm owner ls angular-quickstart
27 error There is likely additional logging output above.
28 verbose exit [ 1, true ]
